2025-01-26 16:38:02 info: Congratulations, your extension "Embold" is now active!
2025-01-26 16:38:02 info: tempDirectory : c:\Users\Keshav Mandal\.vscode\extensions\embold-vscode.embold-0.1.8\temp
2025-01-26 16:38:17 info: Extraction complete for source: c:\Users\Keshav Mandal\.vscode\extensions\embold-vscode.embold-0.1.8\resources\embold-scanner-archive.zip, destination: c:\Users\Keshav Mandal\.vscode\extensions\embold-vscode.embold-0.1.8\temp
2025-01-26 16:38:17 info: Extension installed on machine OS : win32
2025-01-26 16:38:17 info: Fetched the issues from DB
2025-01-26 16:38:17 info: Java version installed on machine : 
java version "1.8.0_361"
Java(TM) SE Runtime Environment (build 1.8.0_361-b09)
Java HotSpot(TM) 64-Bit Server VM (build 25.361-b09, mixed mode)

2025-01-26 16:38:17 info: Java installed on machine.
2025-01-26 16:38:17 info: Embold extension version response:{"hasSupport":false,"version":"0.1.6","changeNotes":"<div> <p>Release Date: 09 Oct, 2023 <br><span>Bug fixes and improvements.</span></p> </div>"}
2025-01-26 16:38:17 info: Current installed embold extension version : 0.1.8
2025-01-26 16:38:17 info: Latest embold extension version on marketplace : 0.1.6
2025-01-26 20:23:27 info: Row(s) deleted
2025-01-27 13:18:07 info: Congratulations, your extension "Embold" is now active!
2025-01-27 13:18:07 info: tempDirectory : c:\Users\Keshav Mandal\.vscode\extensions\embold-vscode.embold-0.1.8\temp
2025-01-27 13:18:21 info: Extraction complete for source: c:\Users\Keshav Mandal\.vscode\extensions\embold-vscode.embold-0.1.8\resources\embold-scanner-archive.zip, destination: c:\Users\Keshav Mandal\.vscode\extensions\embold-vscode.embold-0.1.8\temp
2025-01-27 13:18:21 info: Extension installed on machine OS : win32
2025-01-27 13:18:21 info: Fetched the issues from DB
2025-01-27 13:18:21 info: Java version installed on machine : 
java version "1.8.0_361"
Java(TM) SE Runtime Environment (build 1.8.0_361-b09)
Java HotSpot(TM) 64-Bit Server VM (build 25.361-b09, mixed mode)

2025-01-27 13:18:21 info: Java installed on machine.
2025-01-27 13:18:21 info: Embold extension version response:{"hasSupport":false,"version":"0.1.6","changeNotes":"<div> <p>Release Date: 09 Oct, 2023 <br><span>Bug fixes and improvements.</span></p> </div>"}
2025-01-27 13:18:21 info: Current installed embold extension version : 0.1.8
2025-01-27 13:18:21 info: Latest embold extension version on marketplace : 0.1.6
2025-03-12 00:04:39 info: Congratulations, your extension "Embold" is now active!
2025-03-12 00:04:39 info: tempDirectory : c:\Users\Keshav Mandal\.vscode\extensions\embold-vscode.embold-0.1.8\temp
2025-03-12 00:04:49 info: Extraction complete for source: c:\Users\Keshav Mandal\.vscode\extensions\embold-vscode.embold-0.1.8\resources\embold-scanner-archive.zip, destination: c:\Users\Keshav Mandal\.vscode\extensions\embold-vscode.embold-0.1.8\temp
2025-03-12 00:04:49 info: Extension installed on machine OS : win32
2025-03-12 00:04:49 info: Fetched the issues from DB
2025-03-12 00:04:50 info: Java version installed on machine : 
java version "1.8.0_361"
Java(TM) SE Runtime Environment (build 1.8.0_361-b09)
Java HotSpot(TM) 64-Bit Server VM (build 25.361-b09, mixed mode)

2025-03-12 00:04:50 info: Java installed on machine.
2025-03-12 00:04:50 info: Embold extension version response:{"hasSupport":false,"version":"0.1.6","changeNotes":"<div> <p>Release Date: 09 Oct, 2023 <br><span>Bug fixes and improvements.</span></p> </div>"}
2025-03-12 00:04:50 info: Current installed embold extension version : 0.1.8
2025-03-12 00:04:50 info: Latest embold extension version on marketplace : 0.1.6
2025-03-12 00:08:26 info: Congratulations, your extension "Embold" is now active!
2025-03-12 00:08:26 info: tempDirectory : c:\Users\Keshav Mandal\.vscode\extensions\embold-vscode.embold-0.1.8\temp
2025-03-12 00:08:37 info: Extraction complete for source: c:\Users\Keshav Mandal\.vscode\extensions\embold-vscode.embold-0.1.8\resources\embold-scanner-archive.zip, destination: c:\Users\Keshav Mandal\.vscode\extensions\embold-vscode.embold-0.1.8\temp
2025-03-12 00:08:37 info: Extension installed on machine OS : win32
2025-03-12 00:08:37 info: Fetched the issues from DB
2025-03-12 00:08:38 info: Java version installed on machine : 
java version "1.8.0_361"
Java(TM) SE Runtime Environment (build 1.8.0_361-b09)
Java HotSpot(TM) 64-Bit Server VM (build 25.361-b09, mixed mode)

2025-03-12 00:08:38 info: Java installed on machine.
2025-03-12 00:08:38 info: Embold extension version response:{"hasSupport":false,"version":"0.1.6","changeNotes":"<div> <p>Release Date: 09 Oct, 2023 <br><span>Bug fixes and improvements.</span></p> </div>"}
2025-03-12 00:08:38 info: Current installed embold extension version : 0.1.8
2025-03-12 00:08:38 info: Latest embold extension version on marketplace : 0.1.6
2025-03-12 00:24:29 info: Row(s) deleted
2025-03-12 00:24:32 info: Row(s) deleted
2025-03-12 00:31:32 info: Row(s) deleted
2025-03-15 16:02:52 info: Congratulations, your extension "Embold" is now active!
2025-03-15 16:02:52 info: tempDirectory : c:\Users\Keshav Mandal\.vscode\extensions\embold-vscode.embold-0.1.9\temp
2025-03-15 16:03:03 info: Extraction complete for source: c:\Users\Keshav Mandal\.vscode\extensions\embold-vscode.embold-0.1.9\resources\embold-scanner-archive.zip, destination: c:\Users\Keshav Mandal\.vscode\extensions\embold-vscode.embold-0.1.9\temp
2025-03-15 16:03:03 info: Extension installed on machine OS : win32
2025-03-15 16:03:03 info: Fetched the issues from DB
2025-03-15 16:03:03 info: Java version installed on machine : 
java version "1.8.0_361"
Java(TM) SE Runtime Environment (build 1.8.0_361-b09)
Java HotSpot(TM) 64-Bit Server VM (build 25.361-b09, mixed mode)

2025-03-15 16:03:03 info: Java installed on machine.
2025-03-15 16:03:05 info: Embold extension version response:{"hasSupport":false,"version":"0.1.6","changeNotes":"<div> <p>Release Date: 09 Oct, 2023 <br><span>Bug fixes and improvements.</span></p> </div>"}
2025-03-15 16:03:05 info: Current installed embold extension version : 0.1.9
2025-03-15 16:03:05 info: Latest embold extension version on marketplace : 0.1.6
2025-03-21 09:46:37 info: Congratulations, your extension "Embold" is now active!
2025-03-21 09:46:37 info: tempDirectory : c:\Users\Keshav Mandal\.vscode\extensions\embold-vscode.embold-0.1.9\temp
2025-03-21 09:46:48 info: Extraction complete for source: c:\Users\Keshav Mandal\.vscode\extensions\embold-vscode.embold-0.1.9\resources\embold-scanner-archive.zip, destination: c:\Users\Keshav Mandal\.vscode\extensions\embold-vscode.embold-0.1.9\temp
2025-03-21 09:46:48 info: Extension installed on machine OS : win32
2025-03-21 09:46:48 info: Fetched the issues from DB
2025-03-21 09:46:48 info: Java version installed on machine : 
java version "1.8.0_361"
Java(TM) SE Runtime Environment (build 1.8.0_361-b09)
Java HotSpot(TM) 64-Bit Server VM (build 25.361-b09, mixed mode)

2025-03-21 09:46:48 info: Java installed on machine.
2025-03-21 09:46:48 info: Embold extension version response:{"hasSupport":false,"version":"0.1.6","changeNotes":"<div> <p>Release Date: 09 Oct, 2023 <br><span>Bug fixes and improvements.</span></p> </div>"}
2025-03-21 09:46:48 info: Current installed embold extension version : 0.1.9
2025-03-21 09:46:48 info: Latest embold extension version on marketplace : 0.1.6
2025-03-21 10:37:27 info: Congratulations, your extension "Embold" is now active!
2025-03-21 10:37:27 info: tempDirectory : c:\Users\Keshav Mandal\.vscode\extensions\embold-vscode.embold-0.1.9\temp
