2025-01-14 17:22:10 info: Congratulations, your extension "Embold" is now active!
2025-01-14 17:22:10 info: tempDirectory : c:\Users\Keshav Mandal\.vscode\extensions\embold-vscode.embold-0.1.8\temp
2025-01-14 17:22:28 info: Extraction complete for source: c:\Users\Keshav Mandal\.vscode\extensions\embold-vscode.embold-0.1.8\resources\embold-scanner-archive.zip, destination: c:\Users\Keshav Mandal\.vscode\extensions\embold-vscode.embold-0.1.8\temp
2025-01-14 17:22:28 info: Extension installed on machine OS : win32
2025-01-14 17:22:28 info: Fetched the issues from DB
2025-01-14 17:22:29 info: Java version installed on machine : 
java version "1.8.0_361"
Java(TM) SE Runtime Environment (build 1.8.0_361-b09)
Java HotSpot(TM) 64-Bit Server VM (build 25.361-b09, mixed mode)

2025-01-14 17:22:29 info: Java installed on machine.
2025-01-14 17:22:29 info: Embold extension version response:{"hasSupport":false,"version":"0.1.6","changeNotes":"<div> <p>Release Date: 09 Oct, 2023 <br><span>Bug fixes and improvements.</span></p> </div>"}
2025-01-14 17:22:29 info: Current installed embold extension version : 0.1.8
2025-01-14 17:22:29 info: Latest embold extension version on marketplace : 0.1.6
2025-01-14 17:23:37 info: Row(s) deleted
2025-01-14 17:23:40 info: Row(s) deleted
2025-01-14 17:23:40 info: Row(s) deleted
2025-01-14 17:23:40 info: Row(s) deleted
2025-01-14 17:24:06 info: Row(s) deleted
2025-01-14 17:24:08 info: Row(s) deleted
2025-01-14 17:24:08 info: Row(s) deleted
2025-01-14 17:24:08 info: Row(s) deleted
2025-01-14 17:24:08 info: Row(s) deleted
2025-01-14 17:24:08 info: Row(s) deleted
2025-01-14 17:24:09 info: Row(s) deleted
2025-01-14 17:24:36 info: Row(s) deleted
2025-01-14 17:24:38 info: Row(s) deleted
2025-01-15 19:19:48 info: Congratulations, your extension "Embold" is now active!
2025-01-15 19:19:48 info: tempDirectory : c:\Users\Keshav Mandal\.vscode\extensions\embold-vscode.embold-0.1.8\temp
2025-01-15 19:20:09 info: Extraction complete for source: c:\Users\Keshav Mandal\.vscode\extensions\embold-vscode.embold-0.1.8\resources\embold-scanner-archive.zip, destination: c:\Users\Keshav Mandal\.vscode\extensions\embold-vscode.embold-0.1.8\temp
2025-01-15 19:20:09 info: Extension installed on machine OS : win32
2025-01-15 19:20:09 info: Fetched the issues from DB
2025-01-15 19:20:09 info: Java version installed on machine : 
java version "1.8.0_361"
Java(TM) SE Runtime Environment (build 1.8.0_361-b09)
Java HotSpot(TM) 64-Bit Server VM (build 25.361-b09, mixed mode)

2025-01-15 19:20:09 info: Java installed on machine.
2025-01-15 19:20:10 info: Embold extension version response:{"hasSupport":false,"version":"0.1.6","changeNotes":"<div> <p>Release Date: 09 Oct, 2023 <br><span>Bug fixes and improvements.</span></p> </div>"}
2025-01-15 19:20:10 info: Current installed embold extension version : 0.1.8
2025-01-15 19:20:10 info: Latest embold extension version on marketplace : 0.1.6
2025-01-17 17:11:41 info: Congratulations, your extension "Embold" is now active!
2025-01-17 17:11:41 info: tempDirectory : c:\Users\Keshav Mandal\.vscode\extensions\embold-vscode.embold-0.1.8\temp
2025-01-17 17:11:49 info: Extraction complete for source: c:\Users\Keshav Mandal\.vscode\extensions\embold-vscode.embold-0.1.8\resources\embold-scanner-archive.zip, destination: c:\Users\Keshav Mandal\.vscode\extensions\embold-vscode.embold-0.1.8\temp
2025-01-17 17:11:49 info: Extension installed on machine OS : win32
2025-01-17 17:11:49 info: Fetched the issues from DB
2025-01-17 17:11:49 info: Java version installed on machine : 
java version "1.8.0_361"
Java(TM) SE Runtime Environment (build 1.8.0_361-b09)
Java HotSpot(TM) 64-Bit Server VM (build 25.361-b09, mixed mode)

2025-01-17 17:11:49 info: Java installed on machine.
2025-01-17 17:11:52 info: Embold extension version response:{"hasSupport":false,"version":"0.1.6","changeNotes":"<div> <p>Release Date: 09 Oct, 2023 <br><span>Bug fixes and improvements.</span></p> </div>"}
2025-01-17 17:11:52 info: Current installed embold extension version : 0.1.8
2025-01-17 17:11:52 info: Latest embold extension version on marketplace : 0.1.6
2025-01-17 17:12:14 info: Row(s) deleted
2025-01-17 17:12:24 info: Row(s) deleted
2025-01-19 01:07:28 info: Congratulations, your extension "Embold" is now active!
2025-01-19 01:07:29 info: tempDirectory : c:\Users\Keshav Mandal\.vscode\extensions\embold-vscode.embold-0.1.8\temp
2025-01-19 01:07:40 info: Extraction complete for source: c:\Users\Keshav Mandal\.vscode\extensions\embold-vscode.embold-0.1.8\resources\embold-scanner-archive.zip, destination: c:\Users\Keshav Mandal\.vscode\extensions\embold-vscode.embold-0.1.8\temp
2025-01-19 01:07:40 info: Extension installed on machine OS : win32
2025-01-19 01:07:40 info: Fetched the issues from DB
2025-01-19 01:07:40 info: Embold extension version response:{"hasSupport":false,"version":"0.1.6","changeNotes":"<div> <p>Release Date: 09 Oct, 2023 <br><span>Bug fixes and improvements.</span></p> </div>"}
2025-01-19 01:07:40 info: Current installed embold extension version : 0.1.8
2025-01-19 01:07:40 info: Latest embold extension version on marketplace : 0.1.6
2025-01-19 01:07:40 info: Java version installed on machine : 
java version "1.8.0_361"
Java(TM) SE Runtime Environment (build 1.8.0_361-b09)
Java HotSpot(TM) 64-Bit Server VM (build 25.361-b09, mixed mode)

2025-01-19 01:07:40 info: Java installed on machine.
2025-02-23 22:46:35 info: Congratulations, your extension "Embold" is now active!
2025-02-23 22:46:35 info: tempDirectory : c:\Users\Keshav Mandal\.vscode\extensions\embold-vscode.embold-0.1.8\temp
2025-02-23 22:46:50 info: Extraction complete for source: c:\Users\Keshav Mandal\.vscode\extensions\embold-vscode.embold-0.1.8\resources\embold-scanner-archive.zip, destination: c:\Users\Keshav Mandal\.vscode\extensions\embold-vscode.embold-0.1.8\temp
2025-02-23 22:46:50 info: Extension installed on machine OS : win32
2025-02-23 22:46:50 info: Fetched the issues from DB
2025-02-23 22:46:50 info: Java version installed on machine : 
java version "1.8.0_361"
Java(TM) SE Runtime Environment (build 1.8.0_361-b09)
Java HotSpot(TM) 64-Bit Server VM (build 25.361-b09, mixed mode)

2025-02-23 22:46:50 info: Java installed on machine.
2025-02-23 22:46:50 info: Embold extension version response:{"hasSupport":false,"version":"0.1.6","changeNotes":"<div> <p>Release Date: 09 Oct, 2023 <br><span>Bug fixes and improvements.</span></p> </div>"}
2025-02-23 22:46:50 info: Current installed embold extension version : 0.1.8
2025-02-23 22:46:50 info: Latest embold extension version on marketplace : 0.1.6
2025-02-24 01:10:28 info: Congratulations, your extension "Embold" is now active!
2025-02-24 01:10:28 info: tempDirectory : c:\Users\Keshav Mandal\.vscode\extensions\embold-vscode.embold-0.1.8\temp
2025-02-24 01:10:38 info: Extraction complete for source: c:\Users\Keshav Mandal\.vscode\extensions\embold-vscode.embold-0.1.8\resources\embold-scanner-archive.zip, destination: c:\Users\Keshav Mandal\.vscode\extensions\embold-vscode.embold-0.1.8\temp
2025-02-24 01:10:38 info: Extension installed on machine OS : win32
2025-02-24 01:10:38 info: Fetched the issues from DB
2025-02-24 01:10:38 info: Java version installed on machine : 
java version "1.8.0_361"
Java(TM) SE Runtime Environment (build 1.8.0_361-b09)
Java HotSpot(TM) 64-Bit Server VM (build 25.361-b09, mixed mode)

2025-02-24 01:10:38 info: Java installed on machine.
2025-02-24 01:10:39 info: Embold extension version response:{"hasSupport":false,"version":"0.1.6","changeNotes":"<div> <p>Release Date: 09 Oct, 2023 <br><span>Bug fixes and improvements.</span></p> </div>"}
2025-02-24 01:10:39 info: Current installed embold extension version : 0.1.8
2025-02-24 01:10:39 info: Latest embold extension version on marketplace : 0.1.6
2025-02-24 03:05:17 info: Row(s) deleted
2025-02-26 17:18:23 info: Congratulations, your extension "Embold" is now active!
2025-02-26 17:18:23 info: tempDirectory : c:\Users\Keshav Mandal\.vscode\extensions\embold-vscode.embold-0.1.8\temp
2025-02-26 17:18:36 info: Extraction complete for source: c:\Users\Keshav Mandal\.vscode\extensions\embold-vscode.embold-0.1.8\resources\embold-scanner-archive.zip, destination: c:\Users\Keshav Mandal\.vscode\extensions\embold-vscode.embold-0.1.8\temp
2025-02-26 17:18:36 info: Extension installed on machine OS : win32
2025-02-26 17:18:36 info: Fetched the issues from DB
2025-02-26 17:18:37 info: Java version installed on machine : 
java version "1.8.0_361"
Java(TM) SE Runtime Environment (build 1.8.0_361-b09)
Java HotSpot(TM) 64-Bit Server VM (build 25.361-b09, mixed mode)

2025-02-26 17:18:37 info: Java installed on machine.
2025-02-26 17:18:37 info: Embold extension version response:{"hasSupport":false,"version":"0.1.6","changeNotes":"<div> <p>Release Date: 09 Oct, 2023 <br><span>Bug fixes and improvements.</span></p> </div>"}
2025-02-26 17:18:37 info: Current installed embold extension version : 0.1.8
2025-02-26 17:18:37 info: Latest embold extension version on marketplace : 0.1.6
2025-02-26 18:53:34 info: Row(s) deleted
2025-02-26 22:25:37 info: Congratulations, your extension "Embold" is now active!
2025-02-26 22:25:37 info: tempDirectory : c:\Users\Keshav Mandal\.vscode\extensions\embold-vscode.embold-0.1.8\temp
2025-02-26 22:25:45 info: Extraction complete for source: c:\Users\Keshav Mandal\.vscode\extensions\embold-vscode.embold-0.1.8\resources\embold-scanner-archive.zip, destination: c:\Users\Keshav Mandal\.vscode\extensions\embold-vscode.embold-0.1.8\temp
2025-02-26 22:25:45 info: Extension installed on machine OS : win32
2025-02-26 22:25:45 info: Fetched the issues from DB
2025-02-26 22:25:46 info: Java version installed on machine : 
java version "1.8.0_361"
Java(TM) SE Runtime Environment (build 1.8.0_361-b09)
Java HotSpot(TM) 64-Bit Server VM (build 25.361-b09, mixed mode)

2025-02-26 22:25:46 info: Java installed on machine.
2025-02-26 22:25:46 info: Embold extension version response:{"hasSupport":false,"version":"0.1.6","changeNotes":"<div> <p>Release Date: 09 Oct, 2023 <br><span>Bug fixes and improvements.</span></p> </div>"}
2025-02-26 22:25:46 info: Current installed embold extension version : 0.1.8
2025-02-26 22:25:46 info: Latest embold extension version on marketplace : 0.1.6
2025-02-26 23:46:42 info: Row(s) deleted
2025-02-26 23:47:01 info: Row(s) deleted
2025-02-26 23:56:00 info: Row(s) deleted
2025-02-26 23:56:11 info: Row(s) deleted
2025-02-26 23:58:59 info: Row(s) deleted
2025-02-26 23:58:59 info: Row(s) deleted
2025-03-14 15:26:31 info: Congratulations, your extension "Embold" is now active!
2025-03-14 15:26:31 info: tempDirectory : c:\Users\Keshav Mandal\.vscode\extensions\embold-vscode.embold-0.1.9\temp
2025-03-14 15:26:44 info: Extraction complete for source: c:\Users\Keshav Mandal\.vscode\extensions\embold-vscode.embold-0.1.9\resources\embold-scanner-archive.zip, destination: c:\Users\Keshav Mandal\.vscode\extensions\embold-vscode.embold-0.1.9\temp
2025-03-14 15:26:44 info: Extension installed on machine OS : win32
2025-03-14 15:26:44 info: Fetched the issues from DB
2025-03-14 15:26:45 info: Java version installed on machine : 
java version "1.8.0_361"
Java(TM) SE Runtime Environment (build 1.8.0_361-b09)
Java HotSpot(TM) 64-Bit Server VM (build 25.361-b09, mixed mode)

2025-03-14 15:26:45 info: Java installed on machine.
2025-03-14 15:26:45 info: Embold extension version response:{"hasSupport":false,"version":"0.1.6","changeNotes":"<div> <p>Release Date: 09 Oct, 2023 <br><span>Bug fixes and improvements.</span></p> </div>"}
2025-03-14 15:26:45 info: Current installed embold extension version : 0.1.9
2025-03-14 15:26:45 info: Latest embold extension version on marketplace : 0.1.6
2025-03-14 16:20:56 info: Row(s) deleted
2025-03-14 22:03:39 info: Row(s) deleted
2025-03-14 22:09:13 info: Row(s) deleted
2025-04-05 02:33:05 info: Congratulations, your extension "Embold" is now active!
2025-04-05 02:33:05 info: ************* init ****************
2025-04-05 02:33:05 info: tempDirectory : c:\Users\Keshav Mandal\.vscode\extensions\embold-vscode.embold-0.1.11\temp
2025-04-05 02:34:15 info: Congratulations, your extension "Embold" is now active!
2025-04-05 02:34:15 info: ************* init ****************
2025-04-05 02:34:15 info: tempDirectory : c:\Users\Keshav Mandal\.vscode\extensions\embold-vscode.embold-0.1.11\temp
2025-04-05 02:34:43 info: Extraction complete for source: c:\Users\Keshav Mandal\.vscode\extensions\embold-vscode.embold-0.1.11\resources\embold-scanner-archive.zip, destination: c:\Users\Keshav Mandal\.vscode\extensions\embold-vscode.embold-0.1.11\temp
2025-04-05 02:34:43 info: Extension installed on machine OS : win32
2025-04-05 02:34:43 info: Fetched the issues from DB
2025-04-05 02:34:44 info: Embold extension version response:{"hasSupport":false,"version":"0.1.6","changeNotes":"<div> <p>Release Date: 09 Oct, 2023 <br><span>Bug fixes and improvements.</span></p> </div>"}
2025-04-05 02:34:44 info: Current installed embold extension version : 0.1.11
2025-04-05 02:34:44 info: Latest embold extension version on marketplace : 0.1.6
2025-04-05 02:34:44 info: date:2025-04-04T21:04:44.594Z
2025-04-05 02:34:45 info: Java version installed on machine : 
java version "1.8.0_361"
Java(TM) SE Runtime Environment (build 1.8.0_361-b09)
Java HotSpot(TM) 64-Bit Server VM (build 25.361-b09, mixed mode)

2025-04-05 02:34:45 info: Java installed on machine.
2025-04-05 16:34:44 info: Congratulations, your extension "Embold" is now active!
2025-04-05 16:34:44 info: ************* init ****************
2025-04-05 16:34:44 info: tempDirectory : c:\Users\Keshav Mandal\.vscode\extensions\embold-vscode.embold-0.1.11\temp
2025-04-05 16:34:54 info: Extraction complete for source: c:\Users\Keshav Mandal\.vscode\extensions\embold-vscode.embold-0.1.11\resources\embold-scanner-archive.zip, destination: c:\Users\Keshav Mandal\.vscode\extensions\embold-vscode.embold-0.1.11\temp
2025-04-05 16:34:54 info: Extension installed on machine OS : win32
2025-04-05 16:34:54 info: Fetched the issues from DB
2025-04-05 16:34:54 info: Java version installed on machine : 
openjdk version "21.0.6" 2025-01-21 LTS
OpenJDK Runtime Environment Temurin-21.0.6+7 (build 21.0.6+7-LTS)
OpenJDK 64-Bit Server VM Temurin-21.0.6+7 (build 21.0.6+7-LTS, mixed mode, sharing)

2025-04-05 16:34:54 info: Java installed on machine.
2025-04-05 16:34:57 info: Embold extension version response:{"hasSupport":false,"version":"0.1.6","changeNotes":"<div> <p>Release Date: 09 Oct, 2023 <br><span>Bug fixes and improvements.</span></p> </div>"}
2025-04-05 16:34:57 info: Current installed embold extension version : 0.1.11
2025-04-05 16:34:57 info: Latest embold extension version on marketplace : 0.1.6
2025-04-05 16:34:57 info: date:2025-04-05T11:04:57.514Z
2025-04-05 16:36:00 info: Row(s) deleted
2025-04-05 16:38:33 info: Row(s) deleted
2025-04-05 16:38:33 info: Row(s) deleted
2025-04-05 16:38:34 info: Row(s) deleted
2025-04-05 16:38:34 info: Row(s) deleted
2025-04-05 16:38:34 info: Row(s) deleted
2025-04-05 16:38:34 info: Row(s) deleted
2025-04-05 16:38:34 info: Row(s) deleted
2025-04-05 16:38:34 info: Row(s) deleted
2025-04-05 16:38:34 info: Row(s) deleted
2025-04-05 16:38:34 info: Row(s) deleted
2025-04-05 16:38:34 info: Row(s) deleted
2025-04-05 16:38:34 info: Row(s) deleted
2025-04-05 16:38:35 info: Row(s) deleted
2025-04-05 16:38:35 info: Row(s) deleted
2025-04-05 16:38:35 info: Row(s) deleted
2025-04-05 16:38:35 info: Row(s) deleted
2025-04-05 16:38:35 info: Row(s) deleted
2025-04-05 16:38:35 info: Row(s) deleted
2025-04-05 16:38:36 info: Row(s) deleted
2025-04-05 16:38:36 info: Row(s) deleted
2025-04-05 16:38:36 info: Row(s) deleted
2025-04-05 16:38:36 info: Row(s) deleted
2025-04-05 16:38:36 info: Row(s) deleted
2025-04-05 16:38:36 info: Row(s) deleted
2025-04-05 16:38:36 info: Row(s) deleted
2025-04-05 16:38:36 info: Row(s) deleted
2025-04-05 16:38:36 info: Row(s) deleted
2025-04-05 16:38:36 info: Row(s) deleted
2025-04-05 16:38:36 info: Row(s) deleted
2025-04-05 16:38:36 info: Row(s) deleted
2025-04-05 16:38:36 info: Row(s) deleted
2025-04-05 16:38:36 info: Row(s) deleted
2025-04-05 16:38:36 info: Row(s) deleted
2025-04-05 16:38:36 info: Row(s) deleted
2025-04-05 16:38:36 info: Row(s) deleted
2025-04-05 16:38:36 info: Row(s) deleted
2025-04-05 16:38:36 info: Row(s) deleted
2025-04-05 16:38:36 info: Row(s) deleted
2025-04-05 16:38:36 info: Row(s) deleted
2025-04-05 16:38:36 info: Row(s) deleted
2025-04-05 16:38:36 info: Row(s) deleted
2025-04-05 16:38:36 info: Row(s) deleted
2025-04-05 16:38:37 info: Row(s) deleted
2025-04-05 16:38:37 info: Row(s) deleted
2025-04-05 16:38:37 info: Row(s) deleted
2025-04-05 16:38:37 info: Row(s) deleted
2025-04-05 16:38:37 info: Row(s) deleted
2025-04-05 16:38:37 info: Row(s) deleted
2025-04-05 16:38:37 info: Row(s) deleted
2025-04-05 16:38:37 info: Row(s) deleted
2025-04-05 16:38:37 info: Row(s) deleted
2025-04-05 16:38:37 info: Row(s) deleted
2025-04-05 16:38:37 info: Row(s) deleted
2025-04-05 16:38:37 info: Row(s) deleted
2025-04-05 16:38:38 info: Row(s) deleted
2025-04-05 16:38:38 info: Row(s) deleted
2025-04-05 16:38:38 info: Row(s) deleted
2025-04-05 16:38:38 info: Row(s) deleted
2025-04-05 16:38:38 info: Row(s) deleted
2025-04-05 16:38:38 info: Row(s) deleted
2025-04-05 16:38:38 info: Row(s) deleted
2025-04-05 16:38:38 info: Row(s) deleted
2025-04-05 16:38:38 info: Row(s) deleted
2025-04-05 16:38:38 info: Row(s) deleted
2025-04-05 16:38:38 info: Row(s) deleted
2025-04-05 16:38:38 info: Row(s) deleted
2025-04-05 16:38:38 info: Row(s) deleted
2025-04-05 16:38:39 info: Row(s) deleted
2025-04-05 16:38:39 info: Row(s) deleted
2025-04-05 16:38:39 info: Row(s) deleted
2025-04-05 16:38:39 info: Row(s) deleted
2025-04-05 16:38:39 info: Row(s) deleted
2025-04-05 16:38:39 info: Row(s) deleted
2025-04-05 16:38:39 info: Row(s) deleted
2025-04-05 16:38:39 info: Row(s) deleted
2025-04-05 16:38:39 info: Row(s) deleted
2025-04-05 16:38:39 info: Row(s) deleted
2025-04-05 16:38:39 info: Row(s) deleted
2025-04-05 16:38:39 info: Row(s) deleted
2025-04-05 16:38:40 info: Row(s) deleted
2025-04-05 16:38:40 info: Row(s) deleted
2025-04-05 16:38:40 info: Row(s) deleted
2025-04-05 16:38:40 info: Row(s) deleted
2025-04-05 16:38:40 info: Row(s) deleted
2025-04-05 16:38:40 info: Row(s) deleted
2025-04-05 16:38:40 info: Row(s) deleted
2025-04-05 16:38:40 info: Row(s) deleted
2025-04-05 16:38:40 info: Row(s) deleted
2025-04-05 16:38:40 info: Row(s) deleted
2025-04-05 16:38:40 info: Row(s) deleted
2025-04-05 16:38:40 info: Row(s) deleted
2025-04-05 16:38:40 info: Row(s) deleted
2025-04-05 16:38:40 info: Row(s) deleted
2025-04-05 16:38:40 info: Row(s) deleted
2025-04-05 16:38:40 info: Row(s) deleted
2025-04-05 16:38:40 info: Row(s) deleted
2025-04-05 16:38:40 info: Row(s) deleted
2025-04-05 16:38:40 info: Row(s) deleted
2025-04-05 16:38:40 info: Row(s) deleted
2025-04-05 16:38:40 info: Row(s) deleted
2025-04-05 16:38:40 info: Row(s) deleted
2025-04-05 16:38:40 info: Row(s) deleted
2025-04-05 16:38:40 info: Row(s) deleted
2025-04-05 16:38:44 info: Row(s) deleted
2025-04-05 16:38:44 info: Row(s) deleted
2025-04-05 16:38:44 info: Row(s) deleted
2025-04-05 16:38:44 info: Row(s) deleted
2025-04-05 16:38:45 info: Row(s) deleted
2025-04-05 16:38:45 info: Row(s) deleted
2025-04-05 16:38:45 info: Row(s) deleted
2025-04-05 16:38:45 info: Row(s) deleted
2025-04-05 16:38:45 info: Row(s) deleted
2025-04-05 16:38:45 info: Row(s) deleted
2025-04-05 16:38:45 info: Row(s) deleted
2025-04-05 16:38:45 info: Row(s) deleted
2025-04-05 16:38:45 info: Row(s) deleted
2025-04-05 16:38:45 info: Row(s) deleted
2025-04-05 16:38:45 info: Row(s) deleted
2025-04-05 16:38:45 info: Row(s) deleted
2025-04-05 16:38:45 info: Row(s) deleted
2025-04-05 16:38:45 info: Row(s) deleted
2025-04-05 16:38:45 info: Row(s) deleted
2025-04-05 16:38:45 info: Row(s) deleted
2025-04-05 16:38:45 info: Row(s) deleted
2025-04-05 16:38:45 info: Row(s) deleted
2025-04-05 16:38:45 info: Row(s) deleted
2025-04-05 16:38:46 info: Row(s) deleted
2025-04-05 16:38:46 info: Row(s) deleted
2025-04-05 16:38:46 info: Row(s) deleted
2025-04-05 16:38:46 info: Row(s) deleted
2025-04-05 16:38:46 info: Row(s) deleted
2025-04-05 16:38:46 info: Row(s) deleted
2025-04-05 16:38:46 info: Row(s) deleted
2025-04-05 16:38:46 info: Row(s) deleted
2025-04-05 16:38:46 info: Row(s) deleted
2025-04-05 16:38:46 info: Row(s) deleted
2025-04-05 16:38:46 info: Row(s) deleted
2025-04-05 16:38:46 info: Row(s) deleted
2025-04-05 16:38:46 info: Row(s) deleted
2025-04-05 16:38:46 info: Row(s) deleted
2025-04-05 16:38:46 info: Row(s) deleted
2025-04-05 16:38:46 info: Row(s) deleted
2025-04-05 16:38:47 info: Row(s) deleted
2025-04-05 16:38:47 info: Row(s) deleted
2025-04-05 16:38:47 info: Row(s) deleted
2025-04-05 16:38:47 info: Row(s) deleted
2025-04-05 16:38:47 info: Row(s) deleted
2025-04-05 16:38:47 info: Row(s) deleted
2025-04-05 16:38:47 info: Row(s) deleted
2025-04-05 16:38:47 info: Row(s) deleted
2025-04-05 16:38:47 info: Row(s) deleted
2025-04-05 16:38:47 info: Row(s) deleted
2025-04-05 16:38:47 info: Row(s) deleted
2025-04-05 16:38:47 info: Row(s) deleted
2025-04-05 16:38:47 info: Row(s) deleted
2025-04-05 16:38:47 info: Row(s) deleted
2025-04-05 16:38:47 info: Row(s) deleted
2025-04-05 16:38:47 info: Row(s) deleted
2025-04-05 16:38:47 info: Row(s) deleted
2025-04-05 16:38:47 info: Row(s) deleted
2025-04-05 16:38:47 info: Row(s) deleted
2025-04-05 16:38:47 info: Row(s) deleted
2025-04-05 16:38:47 info: Row(s) deleted
2025-04-05 16:38:47 info: Row(s) deleted
2025-04-05 16:38:47 info: Row(s) deleted
2025-04-05 16:38:47 info: Row(s) deleted
2025-04-05 16:38:48 info: Row(s) deleted
2025-04-05 16:38:48 info: Row(s) deleted
2025-04-05 16:38:48 info: Row(s) deleted
2025-04-05 16:38:48 info: Row(s) deleted
2025-04-05 16:38:48 info: Row(s) deleted
2025-04-05 16:38:49 info: Row(s) deleted
2025-04-05 16:38:49 info: Row(s) deleted
2025-04-05 16:38:49 info: Row(s) deleted
2025-04-05 16:38:49 info: Row(s) deleted
2025-04-05 16:38:49 info: Row(s) deleted
2025-04-05 16:38:49 info: Row(s) deleted
2025-04-05 16:38:49 info: Row(s) deleted
2025-04-05 16:38:49 info: Row(s) deleted
2025-04-05 16:38:49 info: Row(s) deleted
2025-04-05 16:38:50 info: Row(s) deleted
2025-04-05 16:38:50 info: Row(s) deleted
2025-04-05 16:38:50 info: Row(s) deleted
2025-04-05 16:38:50 info: Row(s) deleted
2025-04-05 16:38:50 info: Row(s) deleted
2025-04-05 16:38:50 info: Row(s) deleted
2025-04-05 16:38:50 info: Row(s) deleted
2025-04-05 16:38:50 info: Row(s) deleted
2025-04-05 16:38:50 info: Row(s) deleted
2025-04-05 16:38:50 info: Row(s) deleted
2025-04-05 16:38:50 info: Row(s) deleted
2025-04-05 16:38:50 info: Row(s) deleted
2025-04-05 16:38:50 info: Row(s) deleted
2025-04-05 16:38:50 info: Row(s) deleted
2025-04-05 16:38:50 info: Row(s) deleted
2025-04-05 16:38:50 info: Row(s) deleted
2025-04-05 16:38:50 info: Row(s) deleted
2025-04-05 16:38:50 info: Row(s) deleted
2025-04-05 16:38:50 info: Row(s) deleted
2025-04-05 16:38:50 info: Row(s) deleted
2025-04-05 16:38:50 info: Row(s) deleted
2025-04-05 16:38:50 info: Row(s) deleted
2025-04-05 16:38:50 info: Row(s) deleted
2025-04-05 16:38:50 info: Row(s) deleted
2025-04-05 16:38:50 info: Row(s) deleted
2025-04-05 16:38:50 info: Row(s) deleted
2025-04-05 16:38:50 info: Row(s) deleted
2025-04-05 16:38:50 info: Row(s) deleted
2025-04-05 16:38:50 info: Row(s) deleted
2025-04-05 16:38:50 info: Row(s) deleted
2025-04-05 16:38:50 info: Row(s) deleted
2025-04-05 16:38:50 info: Row(s) deleted
2025-04-05 16:38:50 info: Row(s) deleted
2025-04-05 16:38:50 info: Row(s) deleted
2025-04-05 16:38:50 info: Row(s) deleted
2025-04-05 16:38:50 info: Row(s) deleted
2025-04-05 16:38:50 info: Row(s) deleted
2025-04-05 16:38:50 info: Row(s) deleted
2025-04-05 16:38:50 info: Row(s) deleted
2025-04-05 16:38:50 info: Row(s) deleted
2025-04-05 16:38:50 info: Row(s) deleted
2025-04-05 16:38:50 info: Row(s) deleted
2025-04-05 16:38:50 info: Row(s) deleted
2025-04-05 16:38:50 info: Row(s) deleted
2025-04-05 16:38:50 info: Row(s) deleted
2025-04-05 16:38:50 info: Row(s) deleted
2025-04-05 16:38:50 info: Row(s) deleted
2025-04-05 16:38:50 info: Row(s) deleted
2025-04-05 16:38:50 info: Row(s) deleted
2025-04-05 16:38:50 info: Row(s) deleted
2025-04-05 16:38:50 info: Row(s) deleted
2025-04-05 16:38:50 info: Row(s) deleted
2025-04-05 16:38:50 info: Row(s) deleted
2025-04-05 16:38:50 info: Row(s) deleted
2025-04-05 16:38:50 info: Row(s) deleted
2025-04-05 16:38:50 info: Row(s) deleted
2025-04-05 16:38:50 info: Row(s) deleted
2025-04-05 16:38:50 info: Row(s) deleted
2025-04-05 16:38:50 info: Row(s) deleted
2025-04-05 16:38:50 info: Row(s) deleted
2025-04-05 16:38:50 info: Row(s) deleted
2025-04-05 16:38:50 info: Row(s) deleted
2025-04-05 16:38:50 info: Row(s) deleted
2025-04-05 16:38:50 info: Row(s) deleted
2025-04-05 16:38:50 info: Row(s) deleted
2025-04-05 16:38:50 info: Row(s) deleted
2025-04-05 16:38:50 info: Row(s) deleted
2025-04-05 16:38:50 info: Row(s) deleted
2025-04-05 16:38:50 info: Row(s) deleted
2025-04-05 16:38:50 info: Row(s) deleted
2025-04-05 16:38:50 info: Row(s) deleted
2025-04-05 16:38:50 info: Row(s) deleted
2025-04-05 16:38:50 info: Row(s) deleted
2025-04-05 16:38:50 info: Row(s) deleted
2025-04-05 16:38:50 info: Row(s) deleted
2025-04-05 16:38:50 info: Row(s) deleted
2025-04-05 16:38:50 info: Row(s) deleted
2025-04-05 16:38:50 info: Row(s) deleted
2025-04-05 16:38:50 info: Row(s) deleted
2025-04-05 16:38:50 info: Row(s) deleted
2025-04-05 16:38:50 info: Row(s) deleted
2025-04-05 16:38:50 info: Row(s) deleted
2025-04-05 16:38:50 info: Row(s) deleted
2025-04-05 16:38:50 info: Row(s) deleted
2025-04-05 16:38:50 info: Row(s) deleted
2025-04-05 16:38:50 info: Row(s) deleted
2025-04-05 16:38:50 info: Row(s) deleted
2025-04-05 16:38:50 info: Row(s) deleted
2025-04-05 16:38:50 info: Row(s) deleted
2025-04-05 16:38:50 info: Row(s) deleted
2025-04-05 16:38:50 info: Row(s) deleted
2025-04-05 16:38:50 info: Row(s) deleted
2025-04-05 16:38:50 info: Row(s) deleted
2025-04-05 16:38:50 info: Row(s) deleted
2025-04-05 16:38:50 info: Row(s) deleted
2025-04-05 16:38:50 info: Row(s) deleted
2025-04-05 16:38:50 info: Row(s) deleted
2025-04-05 16:38:50 info: Row(s) deleted
2025-04-05 16:38:50 info: Row(s) deleted
2025-04-05 16:38:50 info: Row(s) deleted
2025-04-05 16:38:50 info: Row(s) deleted
2025-04-05 16:38:50 info: Row(s) deleted
2025-04-05 16:38:50 info: Row(s) deleted
2025-04-05 16:38:50 info: Row(s) deleted
2025-04-05 16:38:50 info: Row(s) deleted
2025-04-05 16:38:50 info: Row(s) deleted
2025-04-05 16:38:50 info: Row(s) deleted
2025-04-05 16:38:50 info: Row(s) deleted
2025-04-05 16:38:50 info: Row(s) deleted
2025-04-05 16:38:50 info: Row(s) deleted
2025-04-05 16:38:50 info: Row(s) deleted
2025-04-05 16:38:50 info: Row(s) deleted
2025-04-05 16:38:50 info: Row(s) deleted
2025-04-05 16:38:50 info: Row(s) deleted
2025-04-05 16:38:50 info: Row(s) deleted
2025-04-05 16:38:50 info: Row(s) deleted
2025-04-05 16:38:50 info: Row(s) deleted
2025-04-05 16:38:50 info: Row(s) deleted
2025-04-05 16:38:50 info: Row(s) deleted
2025-04-05 16:38:50 info: Row(s) deleted
2025-04-05 16:38:50 info: Row(s) deleted
2025-04-05 16:38:50 info: Row(s) deleted
2025-04-05 16:38:50 info: Row(s) deleted
2025-04-05 16:38:50 info: Row(s) deleted
2025-04-05 16:38:50 info: Row(s) deleted
2025-04-05 16:38:50 info: Row(s) deleted
2025-04-05 16:38:50 info: Row(s) deleted
2025-04-05 16:38:50 info: Row(s) deleted
2025-04-05 16:38:50 info: Row(s) deleted
2025-04-05 16:38:50 info: Row(s) deleted
2025-04-05 16:38:50 info: Row(s) deleted
2025-04-05 16:38:50 info: Row(s) deleted
2025-04-05 16:38:50 info: Row(s) deleted
2025-04-05 16:41:48 info: Row(s) deleted
2025-04-05 16:41:48 info: Row(s) deleted
2025-04-05 16:41:48 info: Row(s) deleted
2025-04-05 16:41:48 info: Row(s) deleted
2025-04-05 16:41:48 info: Row(s) deleted
2025-04-05 16:42:33 info: Row(s) deleted
2025-04-05 16:42:33 info: Row(s) deleted
2025-04-05 16:42:34 info: Row(s) deleted
2025-04-05 16:42:34 info: Row(s) deleted
2025-04-05 16:42:34 info: Row(s) deleted
2025-04-05 16:42:34 info: Row(s) deleted
2025-04-05 16:42:34 info: Row(s) deleted
2025-04-05 16:42:35 info: Row(s) deleted
2025-04-05 16:42:35 info: Row(s) deleted
2025-04-05 16:42:35 info: Row(s) deleted
2025-04-05 16:42:35 info: Row(s) deleted
2025-04-05 16:42:35 info: Row(s) deleted
2025-04-05 16:42:35 info: Row(s) deleted
2025-04-05 16:42:36 info: Row(s) deleted
2025-04-05 16:42:36 info: Row(s) deleted
2025-04-05 16:42:36 info: Row(s) deleted
2025-04-05 16:42:36 info: Row(s) deleted
2025-04-05 16:42:36 info: Row(s) deleted
2025-04-05 16:42:36 info: Row(s) deleted
2025-04-05 16:42:36 info: Row(s) deleted
2025-04-05 16:42:36 info: Row(s) deleted
2025-04-05 16:42:36 info: Row(s) deleted
2025-04-05 16:42:36 info: Row(s) deleted
2025-04-05 16:42:36 info: Row(s) deleted
2025-04-05 16:42:36 info: Row(s) deleted
2025-04-05 16:42:37 info: Row(s) deleted
2025-04-05 16:42:37 info: Row(s) deleted
2025-04-05 16:42:37 info: Row(s) deleted
2025-04-05 16:42:37 info: Row(s) deleted
2025-04-05 16:42:37 info: Row(s) deleted
2025-04-05 16:42:37 info: Row(s) deleted
2025-04-05 16:42:38 info: Row(s) deleted
2025-04-05 16:42:38 info: Row(s) deleted
2025-04-05 16:42:38 info: Row(s) deleted
2025-04-05 16:42:38 info: Row(s) deleted
2025-04-05 16:42:38 info: Row(s) deleted
2025-04-05 16:42:38 info: Row(s) deleted
2025-04-05 16:42:38 info: Row(s) deleted
2025-04-05 16:42:38 info: Row(s) deleted
2025-04-05 16:42:38 info: Row(s) deleted
2025-04-05 16:42:38 info: Row(s) deleted
2025-04-05 16:42:39 info: Row(s) deleted
2025-04-05 16:42:39 info: Row(s) deleted
2025-04-05 16:42:39 info: Row(s) deleted
2025-04-05 16:42:39 info: Row(s) deleted
2025-04-05 16:42:39 info: Row(s) deleted
2025-04-05 16:42:39 info: Row(s) deleted
2025-04-05 16:42:39 info: Row(s) deleted
2025-04-05 16:42:39 info: Row(s) deleted
2025-04-05 16:42:39 info: Row(s) deleted
2025-04-05 16:42:39 info: Row(s) deleted
2025-04-05 16:44:25 info: Row(s) deleted
2025-04-05 16:45:42 info: Row(s) deleted
2025-04-05 16:45:42 info: Row(s) deleted
2025-04-05 16:45:42 info: Row(s) deleted
2025-04-05 16:45:42 info: Row(s) deleted
2025-04-05 16:45:42 info: Row(s) deleted
2025-04-05 16:45:42 info: Row(s) deleted
2025-04-05 16:45:42 info: Row(s) deleted
2025-04-05 16:45:43 info: Row(s) deleted
2025-04-05 16:45:43 info: Row(s) deleted
2025-04-05 16:45:43 info: Row(s) deleted
2025-04-05 16:45:43 info: Row(s) deleted
2025-04-05 16:45:43 info: Row(s) deleted
2025-04-05 16:45:43 info: Row(s) deleted
2025-04-05 16:45:43 info: Row(s) deleted
2025-04-05 16:45:43 info: Row(s) deleted
2025-04-05 16:45:43 info: Row(s) deleted
2025-04-05 16:45:43 info: Row(s) deleted
2025-04-05 16:45:43 info: Row(s) deleted
2025-04-05 16:45:43 info: Row(s) deleted
2025-04-05 16:45:43 info: Row(s) deleted
2025-04-05 16:45:43 info: Row(s) deleted
2025-04-05 16:45:44 info: Row(s) deleted
2025-04-05 16:45:44 info: Row(s) deleted
2025-04-05 16:45:44 info: Row(s) deleted
2025-04-05 16:45:44 info: Row(s) deleted
2025-04-05 16:45:44 info: Row(s) deleted
2025-04-05 16:45:44 info: Row(s) deleted
2025-04-05 16:45:44 info: Row(s) deleted
2025-04-05 16:45:44 info: Row(s) deleted
2025-04-05 16:45:44 info: Row(s) deleted
2025-04-05 16:45:44 info: Row(s) deleted
2025-04-05 16:45:45 info: Row(s) deleted
2025-04-05 16:45:45 info: Row(s) deleted
2025-04-05 16:45:45 info: Row(s) deleted
2025-04-05 16:45:45 info: Row(s) deleted
2025-04-05 16:45:45 info: Row(s) deleted
2025-04-05 16:45:45 info: Row(s) deleted
2025-04-05 16:45:45 info: Row(s) deleted
2025-04-05 16:45:45 info: Row(s) deleted
2025-04-05 16:45:45 info: Row(s) deleted
2025-04-05 16:45:46 info: Row(s) deleted
2025-04-05 16:45:46 info: Row(s) deleted
2025-04-05 16:45:46 info: Row(s) deleted
2025-04-05 16:45:46 info: Row(s) deleted
2025-04-05 16:45:46 info: Row(s) deleted
2025-04-05 16:45:46 info: Row(s) deleted
2025-04-05 16:45:47 info: Row(s) deleted
2025-04-05 16:45:47 info: Row(s) deleted
2025-04-05 16:45:47 info: Row(s) deleted
2025-04-05 16:45:47 info: Row(s) deleted
2025-04-05 16:45:47 info: Row(s) deleted
2025-04-05 16:45:47 info: Row(s) deleted
2025-04-05 16:45:47 info: Row(s) deleted
2025-04-05 16:45:47 info: Row(s) deleted
2025-04-05 16:45:47 info: Row(s) deleted
2025-04-05 16:45:47 info: Row(s) deleted
2025-04-05 16:45:47 info: Row(s) deleted
2025-04-05 16:45:47 info: Row(s) deleted
2025-04-05 16:45:47 info: Row(s) deleted
2025-04-05 16:45:51 info: Row(s) deleted
2025-04-05 16:45:51 info: Row(s) deleted
2025-04-05 16:45:51 info: Row(s) deleted
2025-04-05 16:45:51 info: Row(s) deleted
2025-04-05 16:45:52 info: Row(s) deleted
2025-04-05 16:45:52 info: Row(s) deleted
2025-04-05 16:45:52 info: Row(s) deleted
2025-04-05 16:45:52 info: Row(s) deleted
2025-04-05 16:45:52 info: Row(s) deleted
2025-04-05 16:45:52 info: Row(s) deleted
2025-04-05 16:45:52 info: Row(s) deleted
2025-04-05 16:45:52 info: Row(s) deleted
2025-04-05 16:45:52 info: Row(s) deleted
2025-04-05 16:45:52 info: Row(s) deleted
2025-04-05 16:45:53 info: Row(s) deleted
2025-04-05 16:45:53 info: Row(s) deleted
2025-04-05 16:45:53 info: Row(s) deleted
2025-04-05 16:45:53 info: Row(s) deleted
2025-04-05 16:45:53 info: Row(s) deleted
2025-04-05 16:45:53 info: Row(s) deleted
2025-04-05 16:45:53 info: Row(s) deleted
2025-04-05 16:45:53 info: Row(s) deleted
2025-04-05 16:45:53 info: Row(s) deleted
2025-04-05 16:45:53 info: Row(s) deleted
2025-04-05 16:45:53 info: Row(s) deleted
2025-04-05 16:46:50 info: Row(s) deleted
2025-04-05 16:50:12 info: Row(s) deleted
2025-04-05 16:50:12 info: Row(s) deleted
2025-04-05 16:50:12 info: Row(s) deleted
2025-04-05 16:50:12 info: Row(s) deleted
2025-04-05 16:50:12 info: Row(s) deleted
2025-04-05 16:50:12 info: Row(s) deleted
2025-04-05 16:50:12 info: Row(s) deleted
2025-04-05 16:50:12 info: Row(s) deleted
2025-04-05 16:50:12 info: Row(s) deleted
2025-04-05 16:50:12 info: Row(s) deleted
2025-04-05 16:50:12 info: Row(s) deleted
2025-04-05 16:50:12 info: Row(s) deleted
2025-04-05 16:50:12 info: Row(s) deleted
2025-04-05 16:50:12 info: Row(s) deleted
2025-04-05 16:50:12 info: Row(s) deleted
2025-04-05 16:50:12 info: Row(s) deleted
2025-04-05 16:50:12 info: Row(s) deleted
2025-04-05 16:50:12 info: Row(s) deleted
2025-04-05 16:50:12 info: Row(s) deleted
2025-04-05 16:50:12 info: Row(s) deleted
2025-04-05 16:50:12 info: Row(s) deleted
2025-04-05 16:50:12 info: Row(s) deleted
2025-04-05 16:50:13 info: Row(s) deleted
2025-04-05 16:50:13 info: Row(s) deleted
2025-04-05 16:50:13 info: Row(s) deleted
2025-04-05 16:50:13 info: Row(s) deleted
2025-04-05 16:50:13 info: Row(s) deleted
2025-04-05 16:50:13 info: Row(s) deleted
2025-04-05 16:50:13 info: Row(s) deleted
2025-04-05 16:50:13 info: Row(s) deleted
2025-04-05 16:50:13 info: Row(s) deleted
2025-04-05 16:50:13 info: Row(s) deleted
2025-04-05 16:50:13 info: Row(s) deleted
2025-04-05 16:50:13 info: Row(s) deleted
2025-04-05 16:50:13 info: Row(s) deleted
2025-04-05 16:50:13 info: Row(s) deleted
2025-04-05 16:50:13 info: Row(s) deleted
2025-04-05 16:50:13 info: Row(s) deleted
2025-04-05 16:50:13 info: Row(s) deleted
2025-04-05 16:50:13 info: Row(s) deleted
2025-04-05 16:50:13 info: Row(s) deleted
2025-04-05 16:50:13 info: Row(s) deleted
2025-04-05 16:50:13 info: Row(s) deleted
2025-04-05 16:50:13 info: Row(s) deleted
2025-04-05 16:50:13 info: Row(s) deleted
2025-04-05 16:50:13 info: Row(s) deleted
2025-04-05 16:50:13 info: Row(s) deleted
2025-04-05 16:50:13 info: Row(s) deleted
2025-04-05 16:50:13 info: Row(s) deleted
2025-04-05 16:50:13 info: Row(s) deleted
2025-04-05 16:50:13 info: Row(s) deleted
2025-04-05 16:50:13 info: Row(s) deleted
2025-04-05 16:50:13 info: Row(s) deleted
2025-04-05 16:50:13 info: Row(s) deleted
2025-04-05 16:50:13 info: Row(s) deleted
2025-04-05 16:50:14 info: Row(s) deleted
2025-04-05 16:50:14 info: Row(s) deleted
2025-04-05 16:50:14 info: Row(s) deleted
2025-04-05 16:50:14 info: Row(s) deleted
2025-04-05 16:50:14 info: Row(s) deleted
2025-04-05 16:50:14 info: Row(s) deleted
2025-04-05 16:50:14 info: Row(s) deleted
2025-04-05 16:50:14 info: Row(s) deleted
2025-04-05 16:50:14 info: Row(s) deleted
2025-04-05 16:50:14 info: Row(s) deleted
2025-04-05 16:50:14 info: Row(s) deleted
2025-04-05 16:50:14 info: Row(s) deleted
2025-04-05 16:50:14 info: Row(s) deleted
2025-04-05 16:50:14 info: Row(s) deleted
2025-04-05 16:50:14 info: Row(s) deleted
2025-04-05 16:50:14 info: Row(s) deleted
2025-04-05 16:50:14 info: Row(s) deleted
2025-04-05 16:50:14 info: Row(s) deleted
2025-04-05 16:50:14 info: Row(s) deleted
2025-04-05 16:50:14 info: Row(s) deleted
2025-04-05 16:50:14 info: Row(s) deleted
2025-04-05 16:50:15 info: Row(s) deleted
2025-04-05 16:50:15 info: Row(s) deleted
2025-04-05 16:50:22 info: Row(s) deleted
2025-04-05 16:50:22 info: Row(s) deleted
2025-04-05 16:50:22 info: Row(s) deleted
2025-04-05 16:50:22 info: Row(s) deleted
2025-04-05 16:50:22 info: Row(s) deleted
2025-04-05 16:50:22 info: Row(s) deleted
2025-04-05 16:50:22 info: Row(s) deleted
2025-04-05 16:50:22 info: Row(s) deleted
2025-04-05 16:50:22 info: Row(s) deleted
2025-04-05 16:50:22 info: Row(s) deleted
2025-04-05 16:50:22 info: Row(s) deleted
2025-04-05 16:50:22 info: Row(s) deleted
2025-04-05 16:50:22 info: Row(s) deleted
2025-04-05 16:50:22 info: Row(s) deleted
2025-04-05 16:50:22 info: Row(s) deleted
2025-04-05 16:50:22 info: Row(s) deleted
2025-04-05 16:50:22 info: Row(s) deleted
2025-04-05 16:50:22 info: Row(s) deleted
2025-04-05 16:50:22 info: Row(s) deleted
2025-04-05 16:50:22 info: Row(s) deleted
2025-04-05 16:50:22 info: Row(s) deleted
2025-04-05 16:50:22 info: Row(s) deleted
2025-04-05 16:50:22 info: Row(s) deleted
2025-04-05 16:50:22 info: Row(s) deleted
2025-04-05 16:50:22 info: Row(s) deleted
2025-04-05 16:50:22 info: Row(s) deleted
2025-04-05 16:50:23 info: Row(s) deleted
2025-04-05 16:50:23 info: Row(s) deleted
2025-04-05 16:50:23 info: Row(s) deleted
2025-04-05 16:50:23 info: Row(s) deleted
2025-04-05 16:50:23 info: Row(s) deleted
2025-04-05 16:50:23 info: Row(s) deleted
2025-04-05 16:50:23 info: Row(s) deleted
2025-04-05 16:50:23 info: Row(s) deleted
2025-04-05 16:50:23 info: Row(s) deleted
2025-04-05 16:50:23 info: Row(s) deleted
2025-04-05 16:50:23 info: Row(s) deleted
2025-04-05 16:50:23 info: Row(s) deleted
2025-04-05 16:50:23 info: Row(s) deleted
2025-04-05 16:50:23 info: Row(s) deleted
2025-04-05 16:50:23 info: Row(s) deleted
2025-04-05 16:50:23 info: Row(s) deleted
2025-04-05 16:50:23 info: Row(s) deleted
2025-04-05 16:50:23 info: Row(s) deleted
2025-04-05 16:50:23 info: Row(s) deleted
2025-04-05 16:50:23 info: Row(s) deleted
2025-04-05 16:50:23 info: Row(s) deleted
2025-04-05 16:50:23 info: Row(s) deleted
2025-04-05 16:50:23 info: Row(s) deleted
2025-04-05 16:50:23 info: Row(s) deleted
2025-04-05 16:50:23 info: Row(s) deleted
2025-04-05 16:50:23 info: Row(s) deleted
2025-04-05 16:50:23 info: Row(s) deleted
2025-04-05 16:50:23 info: Row(s) deleted
2025-04-05 16:50:23 info: Row(s) deleted
2025-04-05 16:50:23 info: Row(s) deleted
2025-04-05 16:50:23 info: Row(s) deleted
2025-04-05 16:50:24 info: Row(s) deleted
2025-04-05 16:50:24 info: Row(s) deleted
2025-04-05 16:50:24 info: Row(s) deleted
2025-04-05 16:50:24 info: Row(s) deleted
2025-04-05 16:50:24 info: Row(s) deleted
2025-04-05 16:50:24 info: Row(s) deleted
2025-04-05 16:50:24 info: Row(s) deleted
2025-04-05 16:50:26 info: Row(s) deleted
2025-04-05 16:50:26 info: Row(s) deleted
2025-04-05 16:50:26 info: Row(s) deleted
2025-04-05 16:50:26 info: Row(s) deleted
2025-04-05 16:50:26 info: Row(s) deleted
2025-04-05 16:50:26 info: Row(s) deleted
2025-04-05 16:50:26 info: Row(s) deleted
2025-04-05 16:50:26 info: Row(s) deleted
2025-04-05 16:50:26 info: Row(s) deleted
2025-04-05 16:50:26 info: Row(s) deleted
2025-04-05 16:50:26 info: Row(s) deleted
2025-04-05 16:50:26 info: Row(s) deleted
2025-04-05 16:50:26 info: Row(s) deleted
2025-04-05 16:54:11 info: Row(s) deleted
2025-04-05 16:54:11 info: Row(s) deleted
2025-04-05 16:54:11 info: Row(s) deleted
2025-04-05 16:54:11 info: Row(s) deleted
2025-04-05 16:54:11 info: Row(s) deleted
2025-04-05 16:54:12 info: Row(s) deleted
2025-04-05 16:54:12 info: Row(s) deleted
2025-04-05 16:54:12 info: Row(s) deleted
2025-04-05 16:54:12 info: Row(s) deleted
2025-04-05 16:54:12 info: Row(s) deleted
2025-04-05 16:54:12 info: Row(s) deleted
2025-04-05 16:54:12 info: Row(s) deleted
2025-04-05 16:54:12 info: Row(s) deleted
2025-04-05 16:54:12 info: Row(s) deleted
2025-04-05 16:54:12 info: Row(s) deleted
2025-04-05 16:54:12 info: Row(s) deleted
2025-04-05 16:54:12 info: Row(s) deleted
2025-04-05 16:54:12 info: Row(s) deleted
2025-04-05 16:54:12 info: Row(s) deleted
2025-04-05 16:54:12 info: Row(s) deleted
2025-04-05 16:54:12 info: Row(s) deleted
2025-04-05 16:54:12 info: Row(s) deleted
2025-04-05 16:54:12 info: Row(s) deleted
2025-04-05 16:54:12 info: Row(s) deleted
2025-04-05 16:54:12 info: Row(s) deleted
2025-04-05 16:54:12 info: Row(s) deleted
2025-04-05 16:54:12 info: Row(s) deleted
2025-04-05 16:54:12 info: Row(s) deleted
2025-04-05 16:54:12 info: Row(s) deleted
2025-04-05 16:54:13 info: Row(s) deleted
2025-04-05 16:54:13 info: Row(s) deleted
2025-04-05 16:54:13 info: Row(s) deleted
2025-04-05 16:54:13 info: Row(s) deleted
2025-04-05 16:54:13 info: Row(s) deleted
2025-04-05 16:54:13 info: Row(s) deleted
2025-04-05 16:54:13 info: Row(s) deleted
2025-04-05 16:54:13 info: Row(s) deleted
2025-04-05 16:54:13 info: Row(s) deleted
2025-04-05 16:54:13 info: Row(s) deleted
2025-04-05 16:54:13 info: Row(s) deleted
2025-04-05 16:54:14 info: Row(s) deleted
2025-04-05 16:54:14 info: Row(s) deleted
2025-04-05 16:54:14 info: Row(s) deleted
2025-04-05 16:54:14 info: Row(s) deleted
2025-04-05 16:54:14 info: Row(s) deleted
2025-04-05 16:54:14 info: Row(s) deleted
2025-04-05 16:54:14 info: Row(s) deleted
2025-04-05 16:54:14 info: Row(s) deleted
2025-04-05 16:54:14 info: Row(s) deleted
2025-04-05 16:54:14 info: Row(s) deleted
2025-04-05 16:54:14 info: Row(s) deleted
2025-04-05 16:54:14 info: Row(s) deleted
2025-04-05 16:54:14 info: Row(s) deleted
2025-04-05 16:54:14 info: Row(s) deleted
2025-04-05 16:54:15 info: Row(s) deleted
2025-04-05 16:54:15 info: Row(s) deleted
2025-04-05 16:54:15 info: Row(s) deleted
2025-04-05 16:54:15 info: Row(s) deleted
2025-04-05 16:54:15 info: Row(s) deleted
2025-04-05 16:54:15 info: Row(s) deleted
2025-04-05 16:54:15 info: Row(s) deleted
2025-04-05 16:54:15 info: Row(s) deleted
2025-04-05 16:54:15 info: Row(s) deleted
2025-04-05 16:54:15 info: Row(s) deleted
2025-04-05 16:54:15 info: Row(s) deleted
2025-04-05 16:54:15 info: Row(s) deleted
2025-04-05 16:54:15 info: Row(s) deleted
2025-04-05 16:54:15 info: Row(s) deleted
2025-04-05 16:54:15 info: Row(s) deleted
2025-04-05 16:54:15 info: Row(s) deleted
2025-04-05 16:54:15 info: Row(s) deleted
2025-04-05 16:54:15 info: Row(s) deleted
2025-04-05 16:54:15 info: Row(s) deleted
2025-04-05 16:54:15 info: Row(s) deleted
2025-04-05 16:54:15 info: Row(s) deleted
2025-04-05 16:54:15 info: Row(s) deleted
2025-04-05 16:54:15 info: Row(s) deleted
2025-04-05 16:54:15 info: Row(s) deleted
2025-04-05 16:54:15 info: Row(s) deleted
2025-04-05 16:54:15 info: Row(s) deleted
2025-04-05 16:54:15 info: Row(s) deleted
2025-04-05 16:54:15 info: Row(s) deleted
2025-04-05 16:54:16 info: Row(s) deleted
2025-04-05 16:54:16 info: Row(s) deleted
2025-04-05 16:54:16 info: Row(s) deleted
2025-04-05 16:54:16 info: Row(s) deleted
2025-04-05 16:54:16 info: Row(s) deleted
2025-04-05 16:54:16 info: Row(s) deleted
2025-04-05 16:54:16 info: Row(s) deleted
2025-04-05 16:54:16 info: Row(s) deleted
2025-04-05 16:54:16 info: Row(s) deleted
2025-04-05 16:54:16 info: Row(s) deleted
2025-04-05 16:54:16 info: Row(s) deleted
2025-04-05 16:54:16 info: Row(s) deleted
2025-04-05 16:54:16 info: Row(s) deleted
2025-04-05 16:54:16 info: Row(s) deleted
2025-04-05 16:54:16 info: Row(s) deleted
2025-04-05 16:54:16 info: Row(s) deleted
2025-04-05 16:54:16 info: Row(s) deleted
2025-04-05 16:58:09 info: Row(s) deleted
2025-04-05 16:58:09 info: Row(s) deleted
2025-04-05 16:58:09 info: Row(s) deleted
2025-04-05 16:58:09 info: Row(s) deleted
2025-04-05 16:58:09 info: Row(s) deleted
2025-04-05 16:58:09 info: Row(s) deleted
2025-04-05 16:58:10 info: Row(s) deleted
2025-04-05 16:58:10 info: Row(s) deleted
2025-04-05 16:58:10 info: Row(s) deleted
2025-04-05 16:58:10 info: Row(s) deleted
2025-04-05 16:58:10 info: Row(s) deleted
2025-04-05 16:58:10 info: Row(s) deleted
2025-04-05 16:58:10 info: Row(s) deleted
2025-04-05 16:58:10 info: Row(s) deleted
2025-04-05 16:58:10 info: Row(s) deleted
2025-04-05 16:58:10 info: Row(s) deleted
2025-04-05 16:58:10 info: Row(s) deleted
2025-04-05 16:58:10 info: Row(s) deleted
2025-04-05 16:58:11 info: Row(s) deleted
2025-04-05 16:58:11 info: Row(s) deleted
2025-04-05 16:58:11 info: Row(s) deleted
2025-04-05 16:58:11 info: Row(s) deleted
2025-04-05 16:58:11 info: Row(s) deleted
2025-04-05 16:58:11 info: Row(s) deleted
2025-04-05 16:58:11 info: Row(s) deleted
2025-04-05 16:58:11 info: Row(s) deleted
2025-04-05 16:58:11 info: Row(s) deleted
2025-04-05 16:58:12 info: Row(s) deleted
2025-04-05 16:58:12 info: Row(s) deleted
2025-04-05 16:58:12 info: Row(s) deleted
2025-04-05 16:58:12 info: Row(s) deleted
2025-04-05 16:58:12 info: Row(s) deleted
2025-04-05 16:58:12 info: Row(s) deleted
2025-04-05 16:58:12 info: Row(s) deleted
2025-04-05 16:58:12 info: Row(s) deleted
2025-04-05 16:58:12 info: Row(s) deleted
2025-04-05 16:58:12 info: Row(s) deleted
2025-04-05 16:58:12 info: Row(s) deleted
2025-04-05 16:58:12 info: Row(s) deleted
2025-04-05 16:58:12 info: Row(s) deleted
2025-04-05 16:58:12 info: Row(s) deleted
2025-04-05 16:58:12 info: Row(s) deleted
2025-04-05 16:58:12 info: Row(s) deleted
2025-04-05 16:58:12 info: Row(s) deleted
2025-04-05 16:58:12 info: Row(s) deleted
2025-04-05 16:58:12 info: Row(s) deleted
2025-04-05 16:58:12 info: Row(s) deleted
2025-04-05 16:58:13 info: Row(s) deleted
2025-04-05 16:58:13 info: Row(s) deleted
2025-04-05 16:58:13 info: Row(s) deleted
2025-04-05 16:58:13 info: Row(s) deleted
2025-04-05 16:58:13 info: Row(s) deleted
2025-04-05 16:58:14 info: Row(s) deleted
2025-04-05 16:58:14 info: Row(s) deleted
2025-04-05 16:58:14 info: Row(s) deleted
2025-04-05 16:58:14 info: Row(s) deleted
2025-04-05 16:58:14 info: Row(s) deleted
2025-04-05 16:58:14 info: Row(s) deleted
2025-04-05 16:58:14 info: Row(s) deleted
2025-04-05 16:58:14 info: Row(s) deleted
2025-04-05 16:58:14 info: Row(s) deleted
2025-04-05 16:58:14 info: Row(s) deleted
2025-04-05 16:58:14 info: Row(s) deleted
2025-04-05 16:58:14 info: Row(s) deleted
2025-04-05 16:58:14 info: Row(s) deleted
2025-04-05 16:58:15 info: Row(s) deleted
2025-04-05 16:58:15 info: Row(s) deleted
2025-04-05 16:58:15 info: Row(s) deleted
2025-04-05 16:58:15 info: Row(s) deleted
2025-04-05 16:58:15 info: Row(s) deleted
2025-04-05 16:58:15 info: Row(s) deleted
2025-04-05 16:58:15 info: Row(s) deleted
2025-04-05 16:58:15 info: Row(s) deleted
2025-04-05 16:58:15 info: Row(s) deleted
2025-04-05 16:58:15 info: Row(s) deleted
2025-04-05 16:58:15 info: Row(s) deleted
2025-04-05 16:58:15 info: Row(s) deleted
2025-04-05 16:58:15 info: Row(s) deleted
2025-04-05 16:58:15 info: Row(s) deleted
2025-04-05 16:58:15 info: Row(s) deleted
2025-04-05 16:58:15 info: Row(s) deleted
2025-04-05 16:58:15 info: Row(s) deleted
2025-04-05 16:58:16 info: Row(s) deleted
2025-04-05 16:58:16 info: Row(s) deleted
2025-04-05 16:58:16 info: Row(s) deleted
2025-04-05 16:58:16 info: Row(s) deleted
2025-04-05 16:58:16 info: Row(s) deleted
2025-04-05 16:58:16 info: Row(s) deleted
2025-04-05 16:58:16 info: Row(s) deleted
2025-04-05 16:58:16 info: Row(s) deleted
2025-04-05 16:58:16 info: Row(s) deleted
2025-04-05 16:58:16 info: Row(s) deleted
2025-04-05 16:58:16 info: Row(s) deleted
2025-04-05 16:58:16 info: Row(s) deleted
2025-04-05 16:58:16 info: Row(s) deleted
2025-04-05 16:58:16 info: Row(s) deleted
2025-04-05 16:58:16 info: Row(s) deleted
2025-04-05 16:58:16 info: Row(s) deleted
2025-04-05 16:58:16 info: Row(s) deleted
2025-04-05 16:58:16 info: Row(s) deleted
2025-04-05 16:58:16 info: Row(s) deleted
2025-04-05 16:58:16 info: Row(s) deleted
2025-04-05 16:58:17 info: Row(s) deleted
2025-04-05 16:58:17 info: Row(s) deleted
2025-04-05 16:58:17 info: Row(s) deleted
2025-04-05 16:58:17 info: Row(s) deleted
2025-04-05 16:58:17 info: Row(s) deleted
2025-04-05 16:58:17 info: Row(s) deleted
2025-04-05 16:58:17 info: Row(s) deleted
2025-04-05 16:58:17 info: Row(s) deleted
2025-04-05 16:58:17 info: Row(s) deleted
2025-04-05 16:58:17 info: Row(s) deleted
2025-04-05 16:58:17 info: Row(s) deleted
2025-04-05 16:58:17 info: Row(s) deleted
2025-04-05 16:58:17 info: Row(s) deleted
2025-04-05 16:58:17 info: Row(s) deleted
2025-04-05 16:58:17 info: Row(s) deleted
2025-04-05 16:58:17 info: Row(s) deleted
2025-04-05 16:58:18 info: Row(s) deleted
2025-04-05 16:58:18 info: Row(s) deleted
2025-04-05 16:58:18 info: Row(s) deleted
2025-04-05 16:58:18 info: Row(s) deleted
2025-04-05 16:58:18 info: Row(s) deleted
2025-04-05 16:58:18 info: Row(s) deleted
2025-04-05 16:58:18 info: Row(s) deleted
2025-04-05 16:58:18 info: Row(s) deleted
2025-04-05 16:58:18 info: Row(s) deleted
2025-04-05 16:58:18 info: Row(s) deleted
2025-04-05 16:58:18 info: Row(s) deleted
2025-04-05 16:58:18 info: Row(s) deleted
2025-04-05 16:58:18 info: Row(s) deleted
2025-04-05 16:58:18 info: Row(s) deleted
2025-04-05 16:58:19 info: Row(s) deleted
2025-04-05 16:58:19 info: Row(s) deleted
2025-04-05 16:58:19 info: Row(s) deleted
2025-04-05 16:58:20 info: Row(s) deleted
2025-04-05 16:58:20 info: Row(s) deleted
2025-04-05 16:58:20 info: Row(s) deleted
2025-04-05 16:58:20 info: Row(s) deleted
2025-04-05 16:58:20 info: Row(s) deleted
2025-04-05 16:58:20 info: Row(s) deleted
2025-04-05 16:58:20 info: Row(s) deleted
2025-04-05 16:58:20 info: Row(s) deleted
2025-04-05 16:58:20 info: Row(s) deleted
2025-04-05 18:07:48 info: Row(s) deleted
2025-04-05 18:07:49 info: Row(s) deleted
2025-04-05 18:09:19 info: Row(s) deleted
2025-04-05 18:09:19 info: Row(s) deleted
2025-04-05 18:09:19 info: Row(s) deleted
2025-04-05 18:09:19 info: Row(s) deleted
2025-04-05 18:09:19 info: Row(s) deleted
2025-04-05 18:09:19 info: Row(s) deleted
2025-04-05 18:09:19 info: Row(s) deleted
2025-04-05 18:09:19 info: Row(s) deleted
2025-04-05 18:09:19 info: Row(s) deleted
2025-04-05 18:09:19 info: Row(s) deleted
2025-04-05 18:09:19 info: Row(s) deleted
2025-04-05 18:09:19 info: Row(s) deleted
2025-04-05 18:09:19 info: Row(s) deleted
2025-04-05 18:09:19 info: Row(s) deleted
2025-04-05 18:09:19 info: Row(s) deleted
2025-04-05 18:09:19 info: Row(s) deleted
2025-04-05 18:09:19 info: Row(s) deleted
2025-04-05 18:09:19 info: Row(s) deleted
2025-04-05 18:09:19 info: Row(s) deleted
2025-04-05 18:09:20 info: Row(s) deleted
2025-04-05 18:09:20 info: Row(s) deleted
2025-04-05 18:10:01 info: Row(s) deleted
2025-04-05 18:10:01 info: Row(s) deleted
2025-04-05 18:10:01 info: Row(s) deleted
2025-04-05 18:10:01 info: Row(s) deleted
2025-04-05 18:10:01 info: Row(s) deleted
2025-04-05 18:10:01 info: Row(s) deleted
2025-04-05 18:10:02 info: Row(s) deleted
2025-04-05 18:10:02 info: Row(s) deleted
2025-04-05 18:10:02 info: Row(s) deleted
2025-04-05 18:10:02 info: Row(s) deleted
2025-04-05 18:10:02 info: Row(s) deleted
2025-04-05 18:10:03 info: Row(s) deleted
2025-04-05 18:10:03 info: Row(s) deleted
2025-04-05 18:10:03 info: Row(s) deleted
2025-04-05 18:10:03 info: Row(s) deleted
2025-04-05 18:10:03 info: Row(s) deleted
2025-04-05 18:10:03 info: Row(s) deleted
2025-04-05 18:10:03 info: Row(s) deleted
2025-04-05 18:10:03 info: Row(s) deleted
2025-04-05 18:10:03 info: Row(s) deleted
2025-04-05 18:10:03 info: Row(s) deleted
2025-04-05 18:10:04 info: Row(s) deleted
2025-04-05 18:10:04 info: Row(s) deleted
2025-04-05 18:10:04 info: Row(s) deleted
2025-04-05 18:10:04 info: Row(s) deleted
2025-04-05 18:10:04 info: Row(s) deleted
2025-04-05 18:10:04 info: Row(s) deleted
2025-04-05 18:10:04 info: Row(s) deleted
2025-04-05 18:10:04 info: Row(s) deleted
2025-04-05 18:10:04 info: Row(s) deleted
2025-04-05 18:10:05 info: Row(s) deleted
2025-04-05 18:10:05 info: Row(s) deleted
2025-04-05 18:10:05 info: Row(s) deleted
2025-04-05 18:10:05 info: Row(s) deleted
2025-04-05 18:10:05 info: Row(s) deleted
2025-04-05 18:10:05 info: Row(s) deleted
2025-04-05 18:10:05 info: Row(s) deleted
2025-04-05 18:10:05 info: Row(s) deleted
2025-04-05 18:10:05 info: Row(s) deleted
2025-04-05 18:10:06 info: Row(s) deleted
2025-04-05 18:10:06 info: Row(s) deleted
2025-04-05 18:10:06 info: Row(s) deleted
2025-04-05 18:10:06 info: Row(s) deleted
2025-04-05 18:10:06 info: Row(s) deleted
2025-04-05 18:10:06 info: Row(s) deleted
2025-04-05 18:10:06 info: Row(s) deleted
2025-04-05 18:10:06 info: Row(s) deleted
2025-04-05 18:10:06 info: Row(s) deleted
2025-04-05 18:10:06 info: Row(s) deleted
2025-04-05 18:10:06 info: Row(s) deleted
2025-04-05 18:10:06 info: Row(s) deleted
2025-04-05 18:10:07 info: Row(s) deleted
2025-04-05 18:10:07 info: Row(s) deleted
2025-04-05 18:10:07 info: Row(s) deleted
2025-04-05 18:10:07 info: Row(s) deleted
2025-04-05 18:10:07 info: Row(s) deleted
2025-04-05 18:10:07 info: Row(s) deleted
2025-04-05 18:10:07 info: Row(s) deleted
2025-04-05 18:10:07 info: Row(s) deleted
2025-04-05 18:10:07 info: Row(s) deleted
2025-04-05 18:10:07 info: Row(s) deleted
2025-04-05 18:10:07 info: Row(s) deleted
2025-04-05 18:10:07 info: Row(s) deleted
2025-04-05 18:10:07 info: Row(s) deleted
2025-04-05 18:10:07 info: Row(s) deleted
2025-04-05 18:10:08 info: Row(s) deleted
2025-04-05 18:10:08 info: Row(s) deleted
2025-04-05 18:10:08 info: Row(s) deleted
2025-04-05 18:10:08 info: Row(s) deleted
2025-04-05 18:10:08 info: Row(s) deleted
2025-04-05 18:10:08 info: Row(s) deleted
2025-04-05 18:10:08 info: Row(s) deleted
2025-04-05 18:10:08 info: Row(s) deleted
2025-04-05 18:10:08 info: Row(s) deleted
2025-04-05 18:10:08 info: Row(s) deleted
2025-04-05 18:10:10 info: Row(s) deleted
2025-04-05 18:10:10 info: Row(s) deleted
2025-04-05 18:10:10 info: Row(s) deleted
2025-04-05 18:10:10 info: Row(s) deleted
2025-04-05 18:10:10 info: Row(s) deleted
2025-04-05 18:10:10 info: Row(s) deleted
2025-04-05 18:10:10 info: Row(s) deleted
2025-04-05 18:10:10 info: Row(s) deleted
2025-04-05 18:10:10 info: Row(s) deleted
2025-04-05 18:10:10 info: Row(s) deleted
2025-04-05 18:10:10 info: Row(s) deleted
2025-04-05 18:10:10 info: Row(s) deleted
2025-04-05 18:10:10 info: Row(s) deleted
2025-04-05 18:10:11 info: Row(s) deleted
2025-04-05 18:10:11 info: Row(s) deleted
2025-04-05 18:10:11 info: Row(s) deleted
2025-04-05 18:10:11 info: Row(s) deleted
2025-04-05 18:10:11 info: Row(s) deleted
2025-04-05 18:10:11 info: Row(s) deleted
2025-04-05 18:10:11 info: Row(s) deleted
2025-04-05 18:10:11 info: Row(s) deleted
2025-04-05 18:10:11 info: Row(s) deleted
2025-04-05 18:10:11 info: Row(s) deleted
2025-04-05 18:10:11 info: Row(s) deleted
2025-04-05 18:10:11 info: Row(s) deleted
2025-04-05 18:10:11 info: Row(s) deleted
2025-04-05 18:10:11 info: Row(s) deleted
2025-04-05 18:10:12 info: Row(s) deleted
2025-04-05 18:10:12 info: Row(s) deleted
2025-04-05 18:10:12 info: Row(s) deleted
2025-04-05 18:10:12 info: Row(s) deleted
2025-04-05 18:10:12 info: Row(s) deleted
2025-04-05 18:10:12 info: Row(s) deleted
2025-04-05 18:10:12 info: Row(s) deleted
2025-04-05 18:10:12 info: Row(s) deleted
2025-04-05 18:10:12 info: Row(s) deleted
2025-04-05 18:10:12 info: Row(s) deleted
2025-04-05 18:10:12 info: Row(s) deleted
2025-04-05 18:10:12 info: Row(s) deleted
2025-04-05 18:10:12 info: Row(s) deleted
2025-04-05 18:10:12 info: Row(s) deleted
2025-04-05 18:10:12 info: Row(s) deleted
2025-04-05 18:10:12 info: Row(s) deleted
2025-04-05 18:10:13 info: Row(s) deleted
2025-04-05 18:10:13 info: Row(s) deleted
2025-04-05 18:10:13 info: Row(s) deleted
2025-04-05 18:10:13 info: Row(s) deleted
2025-04-05 18:10:13 info: Row(s) deleted
2025-04-05 18:10:13 info: Row(s) deleted
2025-04-05 18:10:13 info: Row(s) deleted
2025-04-05 18:10:13 info: Row(s) deleted
2025-04-05 18:10:13 info: Row(s) deleted
2025-04-05 18:10:13 info: Row(s) deleted
2025-04-05 18:10:13 info: Row(s) deleted
2025-04-05 18:10:13 info: Row(s) deleted
2025-04-05 18:10:13 info: Row(s) deleted
2025-04-05 18:10:13 info: Row(s) deleted
2025-04-05 18:10:13 info: Row(s) deleted
2025-04-05 18:10:13 info: Row(s) deleted
2025-04-05 18:10:13 info: Row(s) deleted
2025-04-05 18:10:13 info: Row(s) deleted
2025-04-05 18:10:14 info: Row(s) deleted
2025-04-05 18:10:14 info: Row(s) deleted
2025-04-05 18:10:14 info: Row(s) deleted
2025-04-05 18:10:14 info: Row(s) deleted
2025-04-05 18:10:14 info: Row(s) deleted
2025-04-05 18:10:14 info: Row(s) deleted
2025-04-05 18:10:14 info: Row(s) deleted
2025-04-05 18:10:14 info: Row(s) deleted
2025-04-05 18:10:14 info: Row(s) deleted
2025-04-05 18:10:14 info: Row(s) deleted
2025-04-05 18:10:14 info: Row(s) deleted
2025-04-05 18:10:15 info: Row(s) deleted
2025-04-05 18:10:15 info: Row(s) deleted
2025-04-05 18:10:15 info: Row(s) deleted
2025-04-05 18:10:15 info: Row(s) deleted
2025-04-05 18:10:15 info: Row(s) deleted
2025-04-05 18:10:15 info: Row(s) deleted
2025-04-05 18:10:16 info: Row(s) deleted
2025-04-05 18:10:16 info: Row(s) deleted
2025-04-05 18:10:16 info: Row(s) deleted
2025-04-05 18:10:16 info: Row(s) deleted
2025-04-05 18:10:16 info: Row(s) deleted
2025-04-05 18:10:16 info: Row(s) deleted
2025-04-05 18:10:16 info: Row(s) deleted
2025-04-05 18:10:16 info: Row(s) deleted
2025-04-05 18:10:16 info: Row(s) deleted
2025-04-05 18:10:16 info: Row(s) deleted
2025-04-05 18:10:16 info: Row(s) deleted
2025-04-05 18:10:16 info: Row(s) deleted
2025-04-05 18:10:16 info: Row(s) deleted
2025-04-05 18:10:16 info: Row(s) deleted
2025-04-05 18:10:16 info: Row(s) deleted
2025-04-05 18:10:17 info: Row(s) deleted
2025-04-05 18:10:17 info: Row(s) deleted
2025-04-05 18:10:17 info: Row(s) deleted
2025-04-05 18:10:17 info: Row(s) deleted
2025-04-05 18:10:17 info: Row(s) deleted
2025-04-05 18:10:17 info: Row(s) deleted
2025-04-05 18:10:17 info: Row(s) deleted
2025-04-05 18:10:17 info: Row(s) deleted
2025-04-05 18:10:17 info: Row(s) deleted
2025-04-05 18:10:17 info: Row(s) deleted
2025-04-05 18:10:17 info: Row(s) deleted
2025-04-05 18:10:17 info: Row(s) deleted
2025-04-05 18:10:17 info: Row(s) deleted
2025-04-05 18:10:17 info: Row(s) deleted
2025-04-05 18:10:17 info: Row(s) deleted
2025-04-05 18:10:17 info: Row(s) deleted
2025-04-05 18:10:17 info: Row(s) deleted
2025-04-05 18:10:17 info: Row(s) deleted
2025-04-05 18:10:17 info: Row(s) deleted
2025-04-05 18:10:18 info: Row(s) deleted
2025-04-05 18:10:18 info: Row(s) deleted
2025-04-05 18:10:18 info: Row(s) deleted
2025-04-05 18:10:18 info: Row(s) deleted
2025-04-05 18:10:18 info: Row(s) deleted
2025-04-05 18:10:18 info: Row(s) deleted
2025-04-05 18:10:18 info: Row(s) deleted
2025-04-05 18:10:18 info: Row(s) deleted
2025-04-05 18:10:18 info: Row(s) deleted
2025-04-05 18:10:18 info: Row(s) deleted
2025-04-05 18:10:18 info: Row(s) deleted
2025-04-05 18:10:18 info: Row(s) deleted
2025-04-05 18:10:18 info: Row(s) deleted
2025-04-05 18:10:18 info: Row(s) deleted
2025-04-05 18:10:18 info: Row(s) deleted
2025-04-05 18:10:18 info: Row(s) deleted
2025-04-05 18:10:18 info: Row(s) deleted
2025-04-05 18:10:19 info: Row(s) deleted
2025-04-05 18:10:19 info: Row(s) deleted
2025-04-05 18:10:19 info: Row(s) deleted
2025-04-05 18:10:19 info: Row(s) deleted
2025-04-05 18:10:19 info: Row(s) deleted
2025-04-05 18:10:19 info: Row(s) deleted
2025-04-05 18:10:19 info: Row(s) deleted
2025-04-05 18:10:19 info: Row(s) deleted
2025-04-05 18:10:31 info: Row(s) deleted
2025-04-05 18:10:31 info: Row(s) deleted
2025-04-05 18:10:31 info: Row(s) deleted
2025-04-05 18:10:31 info: Row(s) deleted
2025-04-05 18:10:31 info: Row(s) deleted
2025-04-05 18:10:31 info: Row(s) deleted
2025-04-05 18:10:31 info: Row(s) deleted
2025-04-05 18:10:32 info: Row(s) deleted
2025-04-05 18:10:32 info: Row(s) deleted
2025-04-05 18:10:32 info: Row(s) deleted
2025-04-05 18:10:32 info: Row(s) deleted
2025-04-05 18:10:32 info: Row(s) deleted
2025-04-05 18:10:32 info: Row(s) deleted
2025-04-05 18:11:09 info: Row(s) deleted
2025-04-05 18:11:09 info: Row(s) deleted
2025-04-05 18:11:09 info: Row(s) deleted
2025-04-05 18:11:09 info: Row(s) deleted
2025-04-05 18:11:09 info: Row(s) deleted
2025-04-05 18:11:09 info: Row(s) deleted
2025-04-05 18:11:09 info: Row(s) deleted
2025-04-05 18:11:09 info: Row(s) deleted
2025-04-05 18:11:10 info: Row(s) deleted
2025-04-05 18:11:10 info: Row(s) deleted
2025-04-05 18:11:10 info: Row(s) deleted
2025-04-05 18:11:11 info: Row(s) deleted
2025-04-05 18:11:11 info: Row(s) deleted
2025-04-05 18:11:11 info: Row(s) deleted
2025-04-05 18:11:11 info: Row(s) deleted
2025-04-05 18:11:11 info: Row(s) deleted
2025-04-05 18:11:11 info: Row(s) deleted
2025-04-05 18:11:11 info: Row(s) deleted
2025-04-05 18:11:11 info: Row(s) deleted
2025-04-05 18:11:11 info: Row(s) deleted
2025-04-05 18:11:11 info: Row(s) deleted
2025-04-05 18:11:11 info: Row(s) deleted
2025-04-05 18:11:11 info: Row(s) deleted
2025-04-05 18:11:11 info: Row(s) deleted
2025-04-05 18:11:11 info: Row(s) deleted
2025-04-05 18:11:11 info: Row(s) deleted
2025-04-05 18:11:11 info: Row(s) deleted
2025-04-05 18:11:12 info: Row(s) deleted
2025-04-05 18:11:12 info: Row(s) deleted
2025-04-05 18:11:12 info: Row(s) deleted
2025-04-05 18:11:12 info: Row(s) deleted
2025-04-05 18:11:12 info: Row(s) deleted
2025-04-05 18:11:12 info: Row(s) deleted
2025-04-05 18:11:12 info: Row(s) deleted
2025-04-05 18:17:00 info: Row(s) deleted
2025-04-05 18:21:24 info: Row(s) deleted
2025-04-05 18:27:18 info: Row(s) deleted
2025-04-05 18:33:07 info: Row(s) deleted
2025-04-05 18:36:27 info: Row(s) deleted
2025-04-05 18:40:28 info: Row(s) deleted
2025-04-05 18:52:10 info: Row(s) deleted
2025-04-05 18:52:55 info: Row(s) deleted
2025-04-05 18:53:34 info: Row(s) deleted
2025-04-05 18:58:44 info: Row(s) deleted
2025-04-05 21:01:39 info: Row(s) deleted
2025-04-05 21:01:39 info: Row(s) deleted
2025-04-05 21:01:48 info: Row(s) deleted
2025-04-05 21:02:59 info: Row(s) deleted
